\BOOKMARK [1][-]{section.1}{Introduction}{}
\BOOKMARK [1][-]{section.2}{State of Art}{}
\BOOKMARK [2][-]{subsection.2.1}{Traditional STS Methods}{section.2}
\BOOKMARK [3][-]{subsubsection.2.1.1}{Longest Common Substring/Subsequence}{subsection.2.1}
\BOOKMARK [3][-]{subsubsection.2.1.2}{Greedy String Tiling}{subsection.2.1}
\BOOKMARK [3][-]{subsubsection.2.1.3}{islam2008semantic}{subsection.2.1}
\BOOKMARK [3][-]{subsubsection.2.1.4}{N-gram Models and Jaccard Similarity Coefficient}{subsection.2.1}
\BOOKMARK [2][-]{subsection.2.2}{Vector Space Model}{section.2}
\BOOKMARK [3][-]{subsubsection.2.2.1}{Bag-of-Words and tf-idf Model}{subsection.2.2}
\BOOKMARK [3][-]{subsubsection.2.2.2}{Latent Semantic Indexing}{subsection.2.2}
\BOOKMARK [3][-]{subsubsection.2.2.3}{Latent Dirichlet Allocation}{subsection.2.2}
\BOOKMARK [2][-]{subsection.2.3}{Recommendation System}{section.2}
\BOOKMARK [2][-]{subsection.2.4}{Research Question}{section.2}
\BOOKMARK [1][-]{section.3}{Description of Dataset, Task and Evaluation}{}
\BOOKMARK [2][-]{subsection.3.1}{Description of Dataset}{section.3}
\BOOKMARK [3][-]{subsubsection.3.1.1}{Meta-data and Structure}{subsection.3.1}
\BOOKMARK [3][-]{subsubsection.3.1.2}{Relatedness and Corpus-Graph}{subsection.3.1}
\BOOKMARK [2][-]{subsection.3.2}{Description of Task}{section.3}
\BOOKMARK [2][-]{subsection.3.3}{Evaluation Method}{section.3}
\BOOKMARK [3][-]{subsubsection.3.3.1}{Effectiveness}{subsection.3.3}
\BOOKMARK [3][-]{subsubsection.3.3.2}{Efficiency}{subsection.3.3}
\BOOKMARK [1][-]{section.4}{Experimental Setup}{}
\BOOKMARK [2][-]{subsection.4.1}{Theoretical Feasibility and Challenge}{section.4}
\BOOKMARK [2][-]{subsection.4.2}{Definition and Notions}{section.4}
\BOOKMARK [2][-]{subsection.4.3}{Architecture of Framework and Experiments Design}{section.4}
\BOOKMARK [3][-]{subsubsection.4.3.1}{Preprocessing}{subsection.4.3}
\BOOKMARK [3][-]{subsubsection.4.3.2}{Model Building and Similarity Computing}{subsection.4.3}
\BOOKMARK [3][-]{subsubsection.4.3.3}{Model Updating}{subsection.4.3}
\BOOKMARK [2][-]{subsection.4.4}{Experiment Description}{section.4}
\BOOKMARK [2][-]{subsection.4.5}{Hardware and Software}{section.4}
\BOOKMARK [2][-]{subsection.4.6}{Dataset}{section.4}
\BOOKMARK [1][-]{section.5}{Experimental Results and Discussion}{}
\BOOKMARK [2][-]{subsection.5.1}{Analysis of Preprocessing}{section.5}
\BOOKMARK [2][-]{subsection.5.2}{Effectiveness of STS Models}{section.5}
\BOOKMARK [2][-]{subsection.5.3}{Efficiency of STS Models}{section.5}
\BOOKMARK [2][-]{subsection.5.4}{Results of Incremental Updating}{section.5}
\BOOKMARK [3][-]{subsubsection.5.4.1}{Effectiveness}{subsection.5.4}
\BOOKMARK [3][-]{subsubsection.5.4.2}{Efficiency}{subsection.5.4}
\BOOKMARK [2][-]{subsection.5.5}{Error Analysis}{section.5}
\BOOKMARK [2][-]{subsection.5.6}{Conclusion}{section.5}
\BOOKMARK [1][-]{section.6}{Combination of Approaches}{}
\BOOKMARK [1][-]{section.7}{Conclusion}{}
\BOOKMARK [1][-]{section.7}{Bibliography}{}
