This is pdfTeX, Version 3.1415926-1.40.10 (TeX Live 2009/Debian) (format=pdflatex 2016.7.10)  18 JUL 2016 09:34
entering extended mode
 %&-line parsing enabled.
**TUDthesis.tex
(./TUDthesis.tex
LaTeX2e <2009/09/24>
Babel <v3.8l> and hyphenation patterns for english, usenglishmax, dumylang, noh
yphenation, farsi, arabic, croatian, bulgarian, ukrainian, russian, czech, slov
ak, danish, dutch, finnish, french, basque, ngerman, german, german-x-2009-06-1
9, ngerman-x-2009-06-19, ibycus, monogreek, greek, ancientgreek, hungarian, san
skrit, italian, latin, latvian, lithuanian, mongolian2a, mongolian, bokmal, nyn
orsk, romanian, irish, coptic, serbian, turkish, welsh, esperanto, uppersorbian
, estonian, indonesian, interlingua, icelandic, kurmanji, slovenian, polish, po
rtuguese, spanish, galician, catalan, swedish, ukenglish, pinyin, loaded.
(/usr/share/texmf/tex/latex/tuddesign/tudthesis.cls
Document Class: tudthesis 2009/05/15 0.96 Joe Werner's TUD-Design-Manual packag
e
(/usr/share/texmf-texlive/tex/latex/xkeyval/xkeyval.sty
Package: xkeyval 2008/08/13 v2.6a package option processing (HA)

(/usr/share/texmf-texlive/tex/generic/xkeyval/xkeyval.tex
\XKV@toks=\toks14
\XKV@tempa@toks=\toks15
\XKV@depth=\count79
File: xkeyval.tex 2008/08/13 v2.6a key=value parser (HA)

(/usr/share/texmf-texlive/tex/generic/xkeyval/keyval.tex)))
Class tudthesis Info: Unknown option 'article`. Pass to tudreport class. on inp
ut line 37.
Class tudthesis Info: Unknown option 'colorback`. Pass to tudreport class. on i
nput line 37.
Class tudthesis Info: Unknown option 'accentcolor=tud9c`. Pass to tudreport cla
ss. on input line 37.
Class tudthesis Info: Unknown option '11pt`. Pass to tudreport class. on input 
line 37.

(/usr/share/texmf/tex/latex/tuddesign/tudreport.cls
Document Class: tudreport 2009/11/17 1.13 Clemens von Loewenich's and Joe Werne
r's TUD-Design package
(/usr/share/texmf-texlive/tex/latex/base/ifthen.sty
Package: ifthen 2001/05/26 v1.1c Standard LaTeX ifthen package (DPC)
)
Class tudreport Info: Option `paper=a4report' selected. on input line 142.

(/usr/share/texmf-texlive/tex/latex/koma-script/scrartcl.cls
Document Class: scrartcl 2009/07/24 v3.04a KOMA-Script document class (article)

(/usr/share/texmf-texlive/tex/latex/koma-script/scrkbase.sty
Package: scrkbase 2009/07/24 v3.04a KOMA-Script package (KOMA-Script-dependent 
basics and keyval usage)

(/usr/share/texmf-texlive/tex/latex/koma-script/scrbase.sty
Package: scrbase 2009/07/24 v3.04a KOMA-Script package (KOMA-Script-independent
 basics and keyval usage)

(/usr/share/texmf-texlive/tex/latex/koma-script/scrlfile.sty
Package: scrlfile 2009/03/25 v3.03 KOMA-Script package (loading files)

Package scrlfile, 2009/03/25 v3.03 KOMA-Script package (loading files)
                  Copyright (C) Markus Kohm

))) (/usr/share/texmf-texlive/tex/latex/koma-script/tocbasic.sty
Package: tocbasic 2009/06/08 v3.03b KOMA-Script package (handling toc-files)
)
Package tocbasic Info: omitting babel extension for `toc'
(tocbasic)             because of feature `nobabel' available
(tocbasic)             for `toc' on input line 115.
Package tocbasic Info: omitting babel extension for `lof'
(tocbasic)             because of feature `nobabel' available
(tocbasic)             for `lof' on input line 116.
Package tocbasic Info: omitting babel extension for `lot'
(tocbasic)             because of feature `nobabel' available
(tocbasic)             for `lot' on input line 117.
Class scrartcl Info: File `scrsize11pt.clo' used instead of
(scrartcl)           file `scrsize11.clo' to setup font sizes on input line 117
1.

(/usr/share/texmf-texlive/tex/latex/koma-script/scrsize11pt.clo
File: scrsize11pt.clo 2009/07/24 v3.04a KOMA-Script font size class option (11p
t)
)
(/usr/share/texmf-texlive/tex/latex/koma-script/typearea.sty
Package: typearea 2009/07/24 v3.04a KOMA-Script package (type area)

Package typearea, 2009/07/24 v3.04a KOMA-Script package (type area)
                  Copyright (C) Frank Neukam, 1992-1994
                  Copyright (C) Markus Kohm, 1994-

\ta@bcor=\skip41
\ta@div=\count80
\ta@hblk=\skip42
\ta@vblk=\skip43
\ta@temp=\skip44
Package typearea Info: These are the values describing the layout:
(typearea)             DIV  = 10
(typearea)             BCOR = 0.0pt
(typearea)             \paperwidth      = 597.50793pt
(typearea)              \textwidth      = 418.25555pt
(typearea)              DIV departure   = -6%
(typearea)              \evensidemargin = 17.3562pt
(typearea)              \oddsidemargin  = 17.3562pt
(typearea)             \paperheight     = 845.04694pt
(typearea)              \textheight     = 595.80026pt
(typearea)              \topmargin      = -25.16531pt
(typearea)              \headheight     = 17.0pt
(typearea)              \headsep        = 20.40001pt
(typearea)              \topskip        = 11.0pt
(typearea)              \footskip       = 47.60002pt
(typearea)              \baselineskip   = 13.6pt
(typearea)              on input line 1115.
)
\c@part=\count81
\c@section=\count82
\c@subsection=\count83
\c@subsubsection=\count84
\c@paragraph=\count85
\c@subparagraph=\count86
\abovecaptionskip=\skip45
\belowcaptionskip=\skip46
\c@pti@nb@sid@b@x=\box26
\c@figure=\count87
\c@table=\count88
\bibindent=\dimen102
) (/usr/share/texmf-texlive/tex/latex/tools/calc.sty
Package: calc 2007/08/22 v4.3 Infix arithmetic (KKT,FJ)
\calc@Acount=\count89
\calc@Bcount=\count90
\calc@Adimen=\dimen103
\calc@Bdimen=\dimen104
\calc@Askip=\skip47
\calc@Bskip=\skip48
LaTeX Info: Redefining \setlength on input line 76.
LaTeX Info: Redefining \addtolength on input line 77.
\calc@Ccount=\count91
\calc@Cskip=\skip49
)
(/usr/share/texmf/tex/latex/tuddesign/colours/tudcolours.sty
Package: tudcolours 2009/03/12 1.9 Clemens von Loewenich's and Joe Werner's TUD
-Design package

(/usr/share/texmf/tex/latex/xcolor/xcolor.sty
Package: xcolor 2007/01/21 v2.11 LaTeX color extensions (UK)

(/etc/texmf/tex/latex/config/color.cfg
File: color.cfg 2007/01/18 v1.5 color configuration of teTeX/TeXLive
)
Package xcolor Info: Package option `override' ignored on input line 216.
Package xcolor Info: Driver file: pdftex.def on input line 225.

(/usr/share/texmf-texlive/tex/latex/pdftex-def/pdftex.def
File: pdftex.def 2010/03/12 v0.04p Graphics/color for pdfTeX
\Gread@gobject=\count92
)
Package xcolor Info: Model `cmy' substituted by `cmy0' on input line 1337.
Package xcolor Info: Model `hsb' substituted by `rgb' on input line 1341.
Package xcolor Info: Model `RGB' extended on input line 1353.
Package xcolor Info: Model `HTML' substituted by `rgb' on input line 1355.
Package xcolor Info: Model `Hsb' substituted by `hsb' on input line 1356.
Package xcolor Info: Model `tHsb' substituted by `hsb' on input line 1357.
Package xcolor Info: Model `HSB' substituted by `hsb' on input line 1358.
Package xcolor Info: Model `Gray' substituted by `gray' on input line 1359.
Package xcolor Info: Model `wave' substituted by `hsb' on input line 1360.
)
(/usr/share/texmf/tex/latex/tuddesign/colours/tudcolours.cfg
File: tudcolours.cfg 2008/12/03
)
(/usr/share/texmf/tex/latex/tuddesign/colours/tudcolours.def
File: tudcolours.def 2008/12/03
))
(/usr/share/texmf/tex/latex/tuddesign/report/tudreprt_fonts.sty
Package: tudreprt_fonts 2009/00/18 1.11 Clemens von Loewenich's and Joe Werner'
s TUD-Design package

(/usr/share/texmf/tex/latex/tuddesign/base/tudfonts.sty
Package: tudfonts 2009/09/18 1.12 Clemens von Loewenich's and Joe Werner's TUD-
Design package

(/usr/share/texmf-texlive/tex/latex/base/fontenc.sty
Package: fontenc 2005/09/27 v1.99g Standard LaTeX package

(/usr/share/texmf-texlive/tex/latex/base/t1enc.def
File: t1enc.def 2005/09/27 v1.99g Standard LaTeX file
LaTeX Font Info:    Redeclaring font encoding T1 on input line 43.
))
(/usr/share/texmf-texlive/tex/latex/base/textcomp.sty
Package: textcomp 2005/09/27 v1.99g Standard LaTeX package
Package textcomp Info: Sub-encoding information:
(textcomp)               5 = only ISO-Adobe without \textcurrency
(textcomp)               4 = 5 + \texteuro
(textcomp)               3 = 4 + \textohm
(textcomp)               2 = 3 + \textestimated + \textcurrency
(textcomp)               1 = TS1 - \textcircled - \t
(textcomp)               0 = TS1 (full)
(textcomp)             Font families with sub-encoding setting implement
(textcomp)             only a restricted character set as indicated.
(textcomp)             Family '?' is the default used for unknown fonts.
(textcomp)             See the documentation for details.
Package textcomp Info: Setting ? sub-encoding to TS1/1 on input line 71.
Package textcomp Info: Changing ? sub-encoding to TS1/4 on input line 72.

(/usr/share/texmf-texlive/tex/latex/base/ts1enc.def
File: ts1enc.def 2001/06/05 v3.0e (jk/car/fm) Standard LaTeX file
)
LaTeX Info: Redefining \oldstylenums on input line 266.
Package textcomp Info: Setting cmr sub-encoding to TS1/0 on input line 281.
Package textcomp Info: Setting cmss sub-encoding to TS1/0 on input line 282.
Package textcomp Info: Setting cmtt sub-encoding to TS1/0 on input line 283.
Package textcomp Info: Setting cmvtt sub-encoding to TS1/0 on input line 284.
Package textcomp Info: Setting cmbr sub-encoding to TS1/0 on input line 285.
Package textcomp Info: Setting cmtl sub-encoding to TS1/0 on input line 286.
Package textcomp Info: Setting ccr sub-encoding to TS1/0 on input line 287.
Package textcomp Info: Setting ptm sub-encoding to TS1/4 on input line 288.
Package textcomp Info: Setting pcr sub-encoding to TS1/4 on input line 289.
Package textcomp Info: Setting phv sub-encoding to TS1/4 on input line 290.
Package textcomp Info: Setting ppl sub-encoding to TS1/3 on input line 291.
Package textcomp Info: Setting pag sub-encoding to TS1/4 on input line 292.
Package textcomp Info: Setting pbk sub-encoding to TS1/4 on input line 293.
Package textcomp Info: Setting pnc sub-encoding to TS1/4 on input line 294.
Package textcomp Info: Setting pzc sub-encoding to TS1/4 on input line 295.
Package textcomp Info: Setting bch sub-encoding to TS1/4 on input line 296.
Package textcomp Info: Setting put sub-encoding to TS1/5 on input line 297.
Package textcomp Info: Setting uag sub-encoding to TS1/5 on input line 298.
Package textcomp Info: Setting ugq sub-encoding to TS1/5 on input line 299.
Package textcomp Info: Setting ul8 sub-encoding to TS1/4 on input line 300.
Package textcomp Info: Setting ul9 sub-encoding to TS1/4 on input line 301.
Package textcomp Info: Setting augie sub-encoding to TS1/5 on input line 302.
Package textcomp Info: Setting dayrom sub-encoding to TS1/3 on input line 303.
Package textcomp Info: Setting dayroms sub-encoding to TS1/3 on input line 304.

Package textcomp Info: Setting pxr sub-encoding to TS1/0 on input line 305.
Package textcomp Info: Setting pxss sub-encoding to TS1/0 on input line 306.
Package textcomp Info: Setting pxtt sub-encoding to TS1/0 on input line 307.
Package textcomp Info: Setting txr sub-encoding to TS1/0 on input line 308.
Package textcomp Info: Setting txss sub-encoding to TS1/0 on input line 309.
Package textcomp Info: Setting txtt sub-encoding to TS1/0 on input line 310.
Package textcomp Info: Setting futs sub-encoding to TS1/4 on input line 311.
Package textcomp Info: Setting futx sub-encoding to TS1/4 on input line 312.
Package textcomp Info: Setting futj sub-encoding to TS1/4 on input line 313.
Package textcomp Info: Setting hlh sub-encoding to TS1/3 on input line 314.
Package textcomp Info: Setting hls sub-encoding to TS1/3 on input line 315.
Package textcomp Info: Setting hlst sub-encoding to TS1/3 on input line 316.
Package textcomp Info: Setting hlct sub-encoding to TS1/5 on input line 317.
Package textcomp Info: Setting hlx sub-encoding to TS1/5 on input line 318.
Package textcomp Info: Setting hlce sub-encoding to TS1/5 on input line 319.
Package textcomp Info: Setting hlcn sub-encoding to TS1/5 on input line 320.
Package textcomp Info: Setting hlcw sub-encoding to TS1/5 on input line 321.
Package textcomp Info: Setting hlcf sub-encoding to TS1/5 on input line 322.
Package textcomp Info: Setting pplx sub-encoding to TS1/3 on input line 323.
Package textcomp Info: Setting pplj sub-encoding to TS1/3 on input line 324.
Package textcomp Info: Setting ptmx sub-encoding to TS1/4 on input line 325.
Package textcomp Info: Setting ptmj sub-encoding to TS1/4 on input line 326.
)
(/usr/share/texmf-texlive/tex/latex/base/fix-cm.sty
Package: fix-cm 2006/09/13 v1.1m fixes to LaTeX

(/usr/share/texmf-texlive/tex/latex/base/ts1enc.def
File: ts1enc.def 2001/06/05 v3.0e (jk/car/fm) Standard LaTeX file
LaTeX Font Info:    Redeclaring font encoding TS1 on input line 42.
))
(/usr/share/texmf-texlive/tex/latex/mathdesign/mathdesign.sty
Package: mathdesign 2006/01/29 v1.55 Math Design Project

(/usr/share/texmf-texlive/tex/latex/mathdesign/mdbch/mdbch.cfg)
(/usr/share/texmf-texlive/tex/latex/mathdesign/mdbch/mdbch.sty
Package: mdbch 2006/01/29 v1.55 bitstream charter + mdbch (Math Design Project)


(/usr/share/texmf-texlive/tex/latex/mathdesign/mdfont.def
File: mdfont.def 2006/01/29 v1.55 (Math Design Project)
)
(/usr/share/texmf-texlive/tex/latex/mathdesign/mdsffont.def
File: mdsffont.def 2006/01/29 v1.55 (Math Design Project)
)
(/usr/share/texmf-texlive/tex/latex/mathdesign/mdttfont.def
File: mdttfont.def 2006/01/29 v1.55 (Math Design Project)
)
\symmdcal=\mathgroup4
LaTeX Font Info:    Overwriting symbol font `mdcal' in version `bold'
(Font)                  OMS/mdbch/m/n --> OMS/mdbch/b/n on input line 89.
\symmdscr=\mathgroup5
LaTeX Font Info:    Overwriting symbol font `mdscr' in version `bold'
(Font)                  OMS/mdbch/m/n --> OMS/mdbch/b/n on input line 95.
LaTeX Font Info:    Overwriting math alphabet `\mathfrak' in version `bold'
(Font)                  U/xmdeuf/m/n --> U/xmdeuf/b/n on input line 102.
LaTeX Font Info:    Try loading font information for T1+mdbch on input line 111
.

(/usr/share/texmf-texlive/tex/latex/mathdesign/mdbch/t1mdbch.fd
File: t1mdbch.fd 2006/01/28 Fontinst v1.928 font definitions for T1/mdbch.
)
LaTeX Font Info:    Font shape `T1/mdbch/m/n' will be
(Font)              scaled to size 10.51207pt on input line 111.
LaTeX Font Info:    Overwriting symbol font `operators' in version `normal'
(Font)                  OT1/cmr/m/n --> OT1/mdbch/m/n on input line 114.
LaTeX Font Info:    Overwriting symbol font `letters' in version `normal'
(Font)                  OML/cmm/m/it --> OML/mdbch/m/it on input line 115.
LaTeX Font Info:    Overwriting symbol font `symbols' in version `normal'
(Font)                  OMS/cmsy/m/n --> OMS/mdbch/m/n on input line 116.
LaTeX Font Info:    Overwriting symbol font `largesymbols' in version `normal'
(Font)                  OMX/cmex/m/n --> OMX/mdbch/m/n on input line 117.
LaTeX Font Info:    Overwriting symbol font `operators' in version `bold'
(Font)                  OT1/cmr/bx/n --> OT1/mdbch/b/n on input line 119.
LaTeX Font Info:    Overwriting symbol font `letters' in version `bold'
(Font)                  OML/cmm/b/it --> OML/mdbch/b/it on input line 120.
LaTeX Font Info:    Overwriting symbol font `symbols' in version `bold'
(Font)                  OMS/cmsy/b/n --> OMS/mdbch/b/n on input line 121.
LaTeX Font Info:    Overwriting symbol font `largesymbols' in version `bold'
(Font)                  OMX/cmex/m/n --> OMX/mdbch/b/n on input line 122.
LaTeX Font Info:    Overwriting math alphabet `\mathrm' in version `normal'
(Font)                  OT1/mdbch/m/n --> T1/mdbch/m/n on input line 124.
LaTeX Font Info:    Overwriting math alphabet `\mathbf' in version `normal'
(Font)                  OT1/cmr/bx/n --> T1/mdbch/b/n on input line 125.
LaTeX Font Info:    Overwriting math alphabet `\mathit' in version `normal'
(Font)                  OT1/cmr/m/it --> T1/mdbch/m/it on input line 126.
LaTeX Font Info:    Overwriting math alphabet `\mathsf' in version `normal'
(Font)                  OT1/cmss/m/n --> T1/cmss/m/n on input line 127.
LaTeX Font Info:    Overwriting math alphabet `\mathtt' in version `normal'
(Font)                  OT1/cmtt/m/n --> T1/cmtt/m/n on input line 128.
LaTeX Font Info:    Overwriting math alphabet `\mathcal' in version `normal'
(Font)                  OMS/mdbch/m/n --> OMS/mdbch/m/n on input line 132.
LaTeX Font Info:    Overwriting math alphabet `\mathrm' in version `bold'
(Font)                  OT1/mdbch/b/n --> T1/mdbch/b/n on input line 137.
LaTeX Font Info:    Overwriting math alphabet `\mathbf' in version `bold'
(Font)                  OT1/cmr/bx/n --> T1/mdbch/b/n on input line 138.
LaTeX Font Info:    Overwriting math alphabet `\mathit' in version `bold'
(Font)                  OT1/cmr/bx/it --> T1/mdbch/b/it on input line 139.
LaTeX Font Info:    Overwriting math alphabet `\mathsf' in version `bold'
(Font)                  OT1/cmss/bx/n --> T1/cmss/b/n on input line 140.
LaTeX Font Info:    Overwriting math alphabet `\mathtt' in version `bold'
(Font)                  OT1/cmtt/m/n --> T1/cmtt/b/n on input line 141.
LaTeX Font Info:    Redeclaring math accent \widetilde on input line 153.
LaTeX Font Info:    Redeclaring math accent \widehat on input line 154.
\symlettersupright=\mathgroup6
LaTeX Font Info:    Overwriting symbol font `lettersupright' in version `bold'
(Font)                  OML/mdbch/m/n --> OML/mdbch/b/n on input line 190.
LaTeX Font Info:    Redeclaring math alphabet \mathrm on input line 193.
\symmathdesignA=\mathgroup7
LaTeX Font Info:    Overwriting symbol font `mathdesignA' in version `bold'
(Font)                  MDA/mdbch/m/n --> MDA/mdbch/b/n on input line 382.
\@emptytoks=\toks16
LaTeX Font Info:    Redeclaring math accent \widetilde on input line 421.
LaTeX Font Info:    Redeclaring math accent \widehat on input line 422.
\symmathdesignB=\mathgroup8
LaTeX Font Info:    Overwriting symbol font `mathdesignB' in version `bold'
(Font)                  MDB/mdbch/m/n --> MDB/mdbch/b/n on input line 685.
)
(/usr/share/texmf-texlive/tex/latex/base/fontenc.sty
Package: fontenc 2005/09/27 v1.99g Standard LaTeX package

(/usr/share/texmf-texlive/tex/latex/base/t1enc.def
File: t1enc.def 2005/09/27 v1.99g Standard LaTeX file
LaTeX Font Info:    Redeclaring font encoding T1 on input line 43.
)))
\symutopiasymbol=\mathgroup9
LaTeX Font Info:    Overwriting math alphabet `\mathmb' in version `normal'
(Font)                  T1/5ch/mb/n --> T1/5ch/mb/n on input line 34.
LaTeX Font Info:    Overwriting math alphabet `\mathmb' in version `bold'
(Font)                  T1/5ch/mb/n --> T1/5ch/mb/n on input line 35.
LaTeX Info: Redefining \em on input line 37.
\fontheight=\skip50
\fontdepth=\skip51
\fontstrutbox=\box27
LaTeX Info: Redefining \LaTeX on input line 108.
)
LaTeX Font Info:    Font shape `T1/mdbch/m/n' will be
(Font)              scaled to size 10.56007pt on input line 239.
)
\TUD@headfootsep=\skip52

(/usr/share/texmf/tex/latex/tuddesign/base/tudpage.sty
Package: tudpage 2009/08/11 1.10 Clemens von Loewenich's and Joe Werner's TUD-D
esign package

(/usr/share/texmf/tex/latex/tuddesign/base/tudpaper.sty
Package: tudpaper 2009/01/28 1.9 Clemens von Loewenich's and Joe Werner's TUD-D
esign package

(/usr/share/texmf-texlive/tex/latex/graphics/graphicx.sty
Package: graphicx 1999/02/16 v1.0f Enhanced LaTeX Graphics (DPC,SPQR)

(/usr/share/texmf-texlive/tex/latex/graphics/graphics.sty
Package: graphics 2009/02/05 v1.0o Standard LaTeX Graphics (DPC,SPQR)

(/usr/share/texmf-texlive/tex/latex/graphics/trig.sty
Package: trig 1999/03/16 v1.09 sin cos tan (DPC)
)
(/etc/texmf/tex/latex/config/graphics.cfg
File: graphics.cfg 2009/08/28 v1.8 graphics configuration of TeX Live
)
Package graphics Info: Driver file: pdftex.def on input line 91.
)
\Gin@req@height=\dimen105
\Gin@req@width=\dimen106
)
(/usr/share/texmf-texlive/tex/latex/eso-pic/eso-pic.sty
Package: eso-pic 2006/07/14 v1.1d eso-pic (RN)

(/usr/share/texmf-texlive/tex/latex/ms/everyshi.sty
Package: everyshi 2001/05/15 v3.00 EveryShipout Package (MS)
))
\TUD@logo@height=\skip53
\TUD@logo@leftskip=\skip54
\TUD@sep@top=\skip55
\TUD@sep@left=\skip56
\TUD@sep@right=\skip57
\TUD@sep@bottom=\skip58
\TUD@titlepos=\skip59
\TUD@titlebox@sep@left=\skip60
\TUD@titlebox@sep@right=\skip61
\TUD@titlebox@sep@bottom=\skip62
\TUD@subtitlebox@sep=\skip63
\TUD@textwidth=\skip64
\TUD@cols@width=\skip65
\TUD@cols@sep=\skip66
\c@TUD@cols@n=\count93

(/usr/share/texmf/tex/latex/tuddesign/base/tudrules.sty
Package: tudrules 2008/10/09 1.6 Clemens von Loewenich's and Joe Werner's TUD-D
esign package
\TUD@indentbar@height=\skip67
\TUD@indentbar@depth=\skip68
\TUD@indentbar@totalheight=\skip69
\@TUD@indentbar@width=\skip70
\@TUD@largeruleheight=\skip71
\@TUD@smallruleheight=\skip72
\@TUD@rulesep=\skip73
\@TUD@ruleheight=\skip74
)
\TUD@indentbarheight=\skip75

(/usr/share/texmf-texlive/tex/latex/geometry/geometry.sty
Package: geometry 2008/12/21 v4.2 Page Geometry

(/usr/share/texmf-texlive/tex/generic/oberdiek/ifpdf.sty
Package: ifpdf 2009/04/10 v2.0 Provides the ifpdf switch (HO)
Package ifpdf Info: pdfTeX in pdf mode detected.
)
(/usr/share/texmf-texlive/tex/generic/oberdiek/ifvtex.sty
Package: ifvtex 2008/11/04 v1.4 Switches for detecting VTeX and its modes (HO)
Package ifvtex Info: VTeX not detected.
)
\Gm@cnth=\count94
\Gm@cntv=\count95
\c@Gm@tempcnt=\count96
\Gm@bindingoffset=\dimen107
\Gm@wd@mp=\dimen108
\Gm@odd@mp=\dimen109
\Gm@even@mp=\dimen110
\Gm@dimlist=\toks17

(/usr/share/texmf-texlive/tex/xelatex/xetexconfig/geometry.cfg)))
\TUD@footparindent=\skip76

(/usr/share/texmf-texlive/tex/latex/fancyhdr/fancyhdr.sty
\fancy@headwidth=\skip77
\f@ncyO@elh=\skip78
\f@ncyO@erh=\skip79
\f@ncyO@olh=\skip80
\f@ncyO@orh=\skip81
\f@ncyO@elf=\skip82
\f@ncyO@erf=\skip83
\f@ncyO@olf=\skip84
\f@ncyO@orf=\skip85
))
(/usr/share/texmf/tex/latex/tuddesign/base/tudheading.sty
Package: tudheading 2009/12/31 1.17 Clemens von Loewenich's and Joe Werner's TU
D-Design package

(/usr/share/texmf-texlive/tex/latex/titlesec/titlesec.sty
Package: titlesec 2007/08/12 v2.8 Sectioning titles
\ttl@box=\box28
\beforetitleunit=\skip86
\aftertitleunit=\skip87
\ttl@plus=\dimen111
\ttl@minus=\dimen112
\ttl@toksa=\toks18
\titlewidth=\dimen113
\titlewidthlast=\dimen114
\titlewidthfirst=\dimen115
)
\c@seclinedepth=\count97
\TUD@chapter@diff@height=\skip88
LaTeX Font Info:    Font shape `T1/mdbch/m/n' will be
(Font)              scaled to size 11.13608pt on input line 75.
\@TUD@above@headskip=\skip89
\@TUD@below@headskip=\skip90

(/usr/share/texmf/tex/latex/tuddesign/base/tudheading.def
File: tudheading.def 2009/07/14
\TUD@part@tmp@height=\skip91
\TUD@part@tmp@depth=\skip92
\@TUD@partbox=\box29
)
\TUD@parind=\skip93
\TUD@chapind=\skip94
\TUD@secind=\skip95
\TUD@subsecind=\skip96
\TUD@subsubsecind=\skip97

(/usr/share/texmf-texlive/tex/latex/titlesec/block.tss
File: block.tss 2007/08/12
))
(/usr/share/texmf/tex/latex/tuddesign/base/tudredef.sty
Package: tudredef 2010/04/10 1.2 Clemens von Loewenich's and Joe Werner's TUD-D
esign package
\TUD@abstract@count=\count98
)
(/usr/share/texmf/tex/latex/tuddesign/report/tudreprt_title.sty
Package: tudreprt_title 2014/09/20 1.12 Clemens von Loewenich's and Joe Werner'
s TUD-Design package
\TUD@sponsorlogo=\box30
\TUD@titleskip=\skip98
))
(/usr/share/texmf/tex/latex/tuddesign/thesis/tudthess_title.sty
Package: tudthess_title 2010/03/22 0.99 Joe Werner's TUD-Design-Manual package
))
(/usr/share/texmf-texlive/tex/latex/setspace/setspace.sty
Package: setspace 2000/12/01 6.7 Contributed and Supported LaTeX2e package

Package: `setspace' 6.7 <2000/12/01>
) (/usr/share/texmf-texlive/tex/latex/multirow/multirow.sty
\bigstrutjot=\dimen116
)
(/usr/share/texmf-texlive/tex/latex/ltxmisc/ulem.sty
\UL@box=\box31
\UL@hyphenbox=\box32
\UL@skip=\skip99
\UL@hook=\toks19
\UL@pe=\count99
\UL@pixel=\dimen117
\ULC@box=\box33
Package: ulem 2000/05/26
\ULdepth=\dimen118
)
(/usr/share/texmf-texlive/tex/latex/amsmath/amsmath.sty
Package: amsmath 2000/07/18 v2.13 AMS math features
\@mathmargin=\skip100

For additional information on amsmath, use the `?' option.
(/usr/share/texmf-texlive/tex/latex/amsmath/amstext.sty
Package: amstext 2000/06/29 v2.01

(/usr/share/texmf-texlive/tex/latex/amsmath/amsgen.sty
File: amsgen.sty 1999/11/30 v2.0
\@emptytoks=\toks20
\ex@=\dimen119
))
(/usr/share/texmf-texlive/tex/latex/amsmath/amsbsy.sty
Package: amsbsy 1999/11/29 v1.2d
\pmbraise@=\dimen120
)
(/usr/share/texmf-texlive/tex/latex/amsmath/amsopn.sty
Package: amsopn 1999/12/14 v2.01 operator names
)
\inf@bad=\count100
LaTeX Info: Redefining \frac on input line 211.
\uproot@=\count101
\leftroot@=\count102
LaTeX Info: Redefining \overline on input line 307.
\classnum@=\count103
\DOTSCASE@=\count104
LaTeX Info: Redefining \ldots on input line 379.
LaTeX Info: Redefining \dots on input line 382.
LaTeX Info: Redefining \cdots on input line 467.
\Mathstrutbox@=\box34
\strutbox@=\box35
\big@size=\dimen121
LaTeX Font Info:    Redeclaring font encoding OML on input line 567.
LaTeX Font Info:    Redeclaring font encoding OMS on input line 568.
\macc@depth=\count105
\c@MaxMatrixCols=\count106
\dotsspace@=\muskip10
\c@parentequation=\count107
\dspbrk@lvl=\count108
\tag@help=\toks21
\row@=\count109
\column@=\count110
\maxfields@=\count111
\andhelp@=\toks22
\eqnshift@=\dimen122
\alignsep@=\dimen123
\tagshift@=\dimen124
\tagwidth@=\dimen125
\totwidth@=\dimen126
\lineht@=\dimen127
\@envbody=\toks23
\multlinegap=\skip101
\multlinetaggap=\skip102
\mathdisplay@stack=\toks24
LaTeX Info: Redefining \[ on input line 2666.
LaTeX Info: Redefining \] on input line 2667.
)
(/usr/share/texmf-texlive/tex/latex/hyperref/hyperref.sty
Package: hyperref 2009/10/09 v6.79a Hypertext links for LaTeX

(/usr/share/texmf-texlive/tex/generic/ifxetex/ifxetex.sty
Package: ifxetex 2009/01/23 v0.5 Provides ifxetex conditional
)
(/usr/share/texmf-texlive/tex/latex/oberdiek/hycolor.sty
Package: hycolor 2009/10/02 v1.5 Code for color options of hyperref/bookmark (H
O)

(/usr/share/texmf-texlive/tex/latex/oberdiek/xcolor-patch.sty
Package: xcolor-patch 2009/10/02 xcolor patch
))
\@linkdim=\dimen128
\Hy@linkcounter=\count112
\Hy@pagecounter=\count113

(/usr/share/texmf-texlive/tex/latex/hyperref/pd1enc.def
File: pd1enc.def 2009/10/09 v6.79a Hyperref: PDFDocEncoding definition (HO)
)
(/usr/share/texmf-texlive/tex/generic/oberdiek/etexcmds.sty
Package: etexcmds 2007/12/12 v1.2 Prefix for e-TeX command names (HO)

(/usr/share/texmf-texlive/tex/generic/oberdiek/infwarerr.sty
Package: infwarerr 2007/09/09 v1.2 Providing info/warning/message (HO)
)
Package etexcmds Info: Could not find \expanded.
(etexcmds)             That can mean that you are not using pdfTeX 1.50 or
(etexcmds)             that some package has redefined \expanded.
(etexcmds)             In the latter case, load this package earlier.
)
(/usr/share/texmf-texlive/tex/latex/latexconfig/hyperref.cfg
File: hyperref.cfg 2002/06/06 v1.2 hyperref configuration of TeXLive
)
(/usr/share/texmf-texlive/tex/latex/oberdiek/kvoptions.sty
Package: kvoptions 2009/08/13 v3.4 Keyval support for LaTeX options (HO)

(/usr/share/texmf-texlive/tex/generic/oberdiek/kvsetkeys.sty
Package: kvsetkeys 2009/07/30 v1.5 Key value parser with default handler suppor
t (HO)
))
Package hyperref Info: Option `colorlinks' set `false' on input line 2864.
Package hyperref Info: Hyper figures OFF on input line 2975.
Package hyperref Info: Link nesting OFF on input line 2980.
Package hyperref Info: Hyper index ON on input line 2983.
Package hyperref Info: Plain pages OFF on input line 2990.
Package hyperref Info: Backreferencing OFF on input line 2995.

Implicit mode ON; LaTeX internals redefined
Package hyperref Info: Bookmarks ON on input line 3191.
(/usr/share/texmf-texlive/tex/latex/ltxmisc/url.sty
\Urlmuskip=\muskip11
Package: url 2006/04/12  ver 3.3  Verb mode for urls, etc.
)
LaTeX Info: Redefining \url on input line 3428.

(/usr/share/texmf-texlive/tex/generic/oberdiek/bitset.sty
Package: bitset 2007/09/28 v1.0 Data type bit set (HO)

(/usr/share/texmf-texlive/tex/generic/oberdiek/intcalc.sty
Package: intcalc 2007/09/27 v1.1 Expandable integer calculations (HO)
)
(/usr/share/texmf-texlive/tex/generic/oberdiek/bigintcalc.sty
Package: bigintcalc 2007/11/11 v1.1 Expandable big integer calculations (HO)

(/usr/share/texmf-texlive/tex/generic/oberdiek/pdftexcmds.sty
Package: pdftexcmds 2009/09/23 v0.6 LuaTeX support for pdfTeX utility functions
 (HO)

(/usr/share/texmf-texlive/tex/generic/oberdiek/ifluatex.sty
Package: ifluatex 2009/04/17 v1.2 Provides the ifluatex switch (HO)
Package ifluatex Info: LuaTeX not detected.
)
(/usr/share/texmf-texlive/tex/generic/oberdiek/ltxcmds.sty
Package: ltxcmds 2009/08/05 v1.0 Some LaTeX kernel commands for general use (HO
)
)
Package pdftexcmds Info: LuaTeX not detected.
Package pdftexcmds Info: \pdf@primitive is available.
Package pdftexcmds Info: \pdf@ifprimitive is available.
)))
\Fld@menulength=\count114
\Field@Width=\dimen129
\Fld@charsize=\dimen130
\Field@toks=\toks25
Package hyperref Info: Hyper figures OFF on input line 4377.
Package hyperref Info: Link nesting OFF on input line 4382.
Package hyperref Info: Hyper index ON on input line 4385.
Package hyperref Info: backreferencing OFF on input line 4392.
Package hyperref Info: Link coloring OFF on input line 4397.
Package hyperref Info: Link coloring with OCG OFF on input line 4402.
Package hyperref Info: PDF/A mode OFF on input line 4407.

(/usr/share/texmf-texlive/tex/generic/oberdiek/atbegshi.sty
Package: atbegshi 2008/07/31 v1.9 At begin shipout hook (HO)
)
\Hy@abspage=\count115
\c@Item=\count116
\c@Hfootnote=\count117
)
*hyperref using default driver hpdftex*
(/usr/share/texmf-texlive/tex/latex/hyperref/hpdftex.def
File: hpdftex.def 2009/10/09 v6.79a Hyperref driver for pdfTeX
\Fld@listcount=\count118
)
(/usr/share/texmf-texlive/tex/latex/float/float.sty
Package: float 2001/11/08 v1.3d Float enhancements (AL)
\c@float@type=\count119
\float@exts=\toks26
\float@box=\box36
\@float@everytoks=\toks27
\@floatcapt=\box37
)
(/usr/share/texmf-texlive/tex/latex/tools/longtable.sty
Package: longtable 2004/02/01 v4.11 Multi-page Table package (DPC)
\LTleft=\skip103
\LTright=\skip104
\LTpre=\skip105
\LTpost=\skip106
\LTchunksize=\count120
\LTcapwidth=\dimen131
\LT@head=\box38
\LT@firsthead=\box39
\LT@foot=\box40
\LT@lastfoot=\box41
\LT@cols=\count121
\LT@rows=\count122
\c@LT@tables=\count123
\c@LT@chunks=\count124
\LT@p@ftn=\toks28
)
Class scrartcl Info: longtable captions redefined on input line 11.

(/usr/share/texmf-texlive/tex/latex/tools/enumerate.sty
Package: enumerate 1999/03/05 v3.00 enumerate extensions (DPC)
\@enLab=\toks29
) (./enumitem.sty
Package: enumitem 2011/09/28 v3.5.2 Customized lists
\enitkv@toks@=\toks30
\labelindent=\skip107
\enit@outerparindent=\dimen132
\enit@toks=\toks31
\enit@inbox=\box42
\enitdp@description=\count125
)
(/usr/share/texmf-texlive/tex/latex/rotating/rotating.sty
Package: rotating 2009/03/28 v2.16a rotated objects in LaTeX
\c@r@tfl@t=\count126
\rotFPtop=\skip108
\rotFPbot=\skip109
\rot@float@box=\box43
\rot@mess@toks=\toks32
) (./adjustbox.sty
Package: adjustbox 2012/05/21 v1.0 Adjusting TeX boxes (trim, clip, ...)

(./adjcalc.sty
Package: adjcalc 2012/05/16 v1.1 Provides advanced setlength with multiple back
-ends (calc, etex, pgfmath)
) (./trimclip.sty
Package: trimclip 2012/05/16 v1.0 Trim and clip general TeX material
 (./collectbox.sty
Package: collectbox 2012/05/17 v0.4b Collect macro arguments as boxes
\collectedbox=\box44
)
\tc@llx=\dimen133
\tc@lly=\dimen134
\tc@urx=\dimen135
\tc@ury=\dimen136
Package trimclip Info: Using driver 'tc-pdftex.def'.
 (./tc-pdftex.def
File: tc-pdftex.def 2012/05/13 v1.0 Clipping driver for pdftex
))
\adjbox@Width=\dimen137
\adjbox@Height=\dimen138
\adjbox@Depth=\dimen139
\adjbox@Totalheight=\dimen140

(/usr/share/texmf-texlive/tex/latex/varwidth/varwidth.sty
Package: varwidth 2009/03/30 ver 0.92;  Variable-width minipages
\@vwid@box=\box45
\sift@deathcycles=\count127
\@vwid@loff=\dimen141
\@vwid@roff=\dimen142
))
(/usr/share/texmf-texlive/tex/latex/tools/array.sty
Package: array 2008/09/09 v2.4c Tabular extension package (FMi)
\col@sep=\dimen143
\extrarowheight=\dimen144
\NC@list=\toks33
\extratabsurround=\skip110
\backup@length=\skip111
)
Package hyperref Info: Option `colorlinks' set `true' on input line 32.


LaTeX Warning: Unused global option(s):
    [article,colorback,accentcolor=tud9c,11pt].

(./TUDthesis.aux)
\openout1 = `TUDthesis.aux'.

LaTeX Font Info:    Checking defaults for OML/cmm/m/it on input line 50.
LaTeX Font Info:    ... okay on input line 50.
LaTeX Font Info:    Checking defaults for T1/cmr/m/n on input line 50.
LaTeX Font Info:    ... okay on input line 50.
LaTeX Font Info:    Checking defaults for OT1/cmr/m/n on input line 50.
LaTeX Font Info:    ... okay on input line 50.
LaTeX Font Info:    Checking defaults for OMS/cmsy/m/n on input line 50.
LaTeX Font Info:    ... okay on input line 50.
LaTeX Font Info:    Checking defaults for OMX/cmex/m/n on input line 50.
LaTeX Font Info:    ... okay on input line 50.
LaTeX Font Info:    Checking defaults for U/cmr/m/n on input line 50.
LaTeX Font Info:    ... okay on input line 50.
LaTeX Font Info:    Checking defaults for TS1/cmr/m/n on input line 50.
LaTeX Font Info:    ... okay on input line 50.
LaTeX Font Info:    Checking defaults for MDA/cmr/m/n on input line 50.
LaTeX Font Info:    Try loading font information for MDA+cmr on input line 50.
 (/usr/share/texmf-texlive/tex/latex/mathdesign/mdacmr.fd
File: mdacmr.fd 
)
LaTeX Font Info:    ... okay on input line 50.
LaTeX Font Info:    Checking defaults for MDB/cmr/m/n on input line 50.
LaTeX Font Info:    Try loading font information for MDB+cmr on input line 50.

(/usr/share/texmf-texlive/tex/latex/mathdesign/mdbcmr.fd
File: mdbcmr.fd 
)
LaTeX Font Info:    ... okay on input line 50.
LaTeX Font Info:    Checking defaults for PD1/pdf/m/n on input line 50.
LaTeX Font Info:    ... okay on input line 50.
LaTeX Font Info:    Try loading font information for T1+5ch on input line 50.

(/usr/share/texmf/tex/latex/tex-tudfonts/softmake/charter/t15ch.fd
File: t15ch.fd 2009/08/06 Fontinst v1.927 font definitions for T1/5ch.
)
(/usr/share/texmf-texlive/tex/context/base/supp-pdf.mkii
[Loading MPS to PDF converter (version 2006.09.02).]
\scratchcounter=\count128
\scratchdimen=\dimen145
\scratchbox=\box46
\nofMPsegments=\count129
\nofMParguments=\count130
\everyMPshowfont=\toks34
\MPscratchCnt=\count131
\MPscratchDim=\dimen146
\MPnumerator=\count132
\everyMPtoPDFconversion=\toks35
) ABD: EveryShipout initializing macros
*geometry detected driver: dvips*
-------------------- Geometry parameters
paper: a4paper
landscape: --
twocolumn: --
twoside: --
asymmetric: --
h-parts: 56.9055pt, 497.92325pt, 42.67912pt
v-parts: 42.67912pt, 745.46222pt, 56.9055pt
hmarginratio: --
vmarginratio: --
lines: --
heightrounded: --
bindingoffset: 0.0pt
truedimen: --
includehead: true
includefoot: true
includemp: true
driver: dvips
-------------------- Page layout dimensions and switches
\paperwidth  597.50787pt
\paperheight 845.04684pt
\textwidth  497.92325pt
\textheight 701.09778pt
\oddsidemargin  -15.36449pt
\evensidemargin -15.36449pt
\topmargin  -29.59087pt
\headheight 16.56445pt
\headsep    13.9pt
\footskip   13.9pt
\marginparwidth 0.0pt
\marginparsep   0.0pt
\columnsep  11.95013pt
\skip\footins  10.0pt plus 4.0pt minus 2.0pt
\hoffset 0.0pt
\voffset 0.0pt
\mag 1000

(1in=72.27pt, 1cm=28.45pt)
-----------------------
\TUD@part@topskip=\skip112
Package hyperref Info: Link coloring ON on input line 50.
(/usr/share/texmf-texlive/tex/latex/hyperref/nameref.sty
Package: nameref 2007/05/29 v2.31 Cross-referencing by name of section

(/usr/share/texmf-texlive/tex/latex/oberdiek/refcount.sty
Package: refcount 2008/08/11 v3.1 Data extraction from references (HO)
)
\c@section@level=\count133
)
LaTeX Info: Redefining \ref on input line 50.
LaTeX Info: Redefining \pageref on input line 50.
 (./TUDthesis.out)
(./TUDthesis.out)
\@outlinefile=\write3
\openout3 = `TUDthesis.out'.

\AtBeginShipoutBox=\box47


Package  Warning: Command `\dateofexam ' ignored!
()                See documentation for details. on input line 58.

\@TUD@tmp@baselineskip=\skip113
\@TUD@tmp@parwidth=\skip114
\TUD@titleboxheight=\skip115
\TUD@titleboxdepth=\skip116
\TUD@subtitleboxheight=\skip117
\TUD@subtitleboxdepth=\skip118
\TUD@logoboxheight=\skip119
\TUD@logoboxwidth=\skip120
\TUD@colorbackheight=\skip121
\TUD@colorbacktitleheight=\skip122
\TUD@instboxheight=\skip123
\TUD@instboxdepth=\skip124
\TUD@instboxwidth=\skip125
\TUD@instlogoheight=\skip126
\TUD@instlogowidth=\skip127
\TUD@sponsorheight=\skip128
\TUD@titlebox=\box48
\TUD@subtitlebox=\box49
\TUD@logobox=\box50
\TUD@instbox=\box51
\TUD@sponsorbox=\box52
\TUD@tmp@height=\skip129
\TUD@tmp@depth=\skip130
LaTeX Font Info:    Try loading font information for T1+5fp on input line 59.
(/usr/share/texmf/tex/latex/tex-tudfonts/softmake/frontpage/t15fp.fd
File: t15fp.fd 2009/08/06 Fontinst v1.927 font definitions for T1/5fp.
)
LaTeX Font Info:    Try loading font information for OT1+mdbch on input line 59
.

(/usr/share/texmf-texlive/tex/latex/mathdesign/mdbch/ot1mdbch.fd
File: ot1mdbch.fd 2006/01/28 Fontinst v1.928 font definitions for OT1/mdbch.
)
LaTeX Font Info:    Font shape `OT1/mdbch/m/n' will be
(Font)              scaled to size 11.04007pt on input line 59.
LaTeX Font Info:    Font shape `OT1/mdbch/m/n' will be
(Font)              scaled to size 7.68005pt on input line 59.
LaTeX Font Info:    Font shape `OT1/mdbch/m/n' will be
(Font)              scaled to size 6.62404pt on input line 59.
LaTeX Font Info:    Try loading font information for OML+mdbch on input line 59
.

(/usr/share/texmf-texlive/tex/latex/mathdesign/mdbch/omlmdbch.fd
File: omlmdbch.fd 2006/01/28 Fontinst v1.928 font definitions for OML/mdbch.
)
LaTeX Font Info:    Font shape `OML/mdbch/m/it' will be
(Font)              scaled to size 11.04007pt on input line 59.
LaTeX Font Info:    Font shape `OML/mdbch/m/it' will be
(Font)              scaled to size 7.68005pt on input line 59.
LaTeX Font Info:    Font shape `OML/mdbch/m/it' will be
(Font)              scaled to size 6.62404pt on input line 59.
LaTeX Font Info:    Try loading font information for OMS+mdbch on input line 59
.

(/usr/share/texmf-texlive/tex/latex/mathdesign/mdbch/omsmdbch.fd
File: omsmdbch.fd 2006/01/28 Fontinst v1.928 font definitions for OMS/mdbch.
)
LaTeX Font Info:    Font shape `OMS/mdbch/m/n' will be
(Font)              scaled to size 11.04007pt on input line 59.
LaTeX Font Info:    Font shape `OMS/mdbch/m/n' will be
(Font)              scaled to size 7.68005pt on input line 59.
LaTeX Font Info:    Font shape `OMS/mdbch/m/n' will be
(Font)              scaled to size 6.62404pt on input line 59.
LaTeX Font Info:    Try loading font information for OMX+mdbch on input line 59
.

(/usr/share/texmf-texlive/tex/latex/mathdesign/mdbch/omxmdbch.fd
File: omxmdbch.fd 2006/01/28 Fontinst v1.928 font definitions for OMX/mdbch.
)
LaTeX Font Info:    Font shape `OMX/mdbch/m/n' will be
(Font)              scaled to size 11.04007pt on input line 59.
LaTeX Font Info:    Font shape `OMX/mdbch/m/n' will be
(Font)              scaled to size 7.68005pt on input line 59.
LaTeX Font Info:    Font shape `OMX/mdbch/m/n' will be
(Font)              scaled to size 6.62404pt on input line 59.
LaTeX Font Info:    Font shape `OML/mdbch/m/n' will be
(Font)              scaled to size 11.04007pt on input line 59.
LaTeX Font Info:    Font shape `OML/mdbch/m/n' will be
(Font)              scaled to size 7.68005pt on input line 59.
LaTeX Font Info:    Font shape `OML/mdbch/m/n' will be
(Font)              scaled to size 6.62404pt on input line 59.
LaTeX Font Info:    Try loading font information for MDA+mdbch on input line 59
.

(/usr/share/texmf-texlive/tex/latex/mathdesign/mdbch/mdamdbch.fd
File: mdamdbch.fd 2006/01/28 Fontinst v1.928 font definitions for MDA/mdbch.
)
LaTeX Font Info:    Font shape `MDA/mdbch/m/n' will be
(Font)              scaled to size 11.04007pt on input line 59.
LaTeX Font Info:    Font shape `MDA/mdbch/m/n' will be
(Font)              scaled to size 7.68005pt on input line 59.
LaTeX Font Info:    Font shape `MDA/mdbch/m/n' will be
(Font)              scaled to size 6.62404pt on input line 59.
LaTeX Font Info:    Try loading font information for MDB+mdbch on input line 59
.

(/usr/share/texmf-texlive/tex/latex/mathdesign/mdbch/mdbmdbch.fd
File: mdbmdbch.fd 2006/01/28 Fontinst v1.928 font definitions for MDB/mdbch.
)
LaTeX Font Info:    Font shape `MDB/mdbch/m/n' will be
(Font)              scaled to size 11.04007pt on input line 59.
LaTeX Font Info:    Font shape `MDB/mdbch/m/n' will be
(Font)              scaled to size 7.68005pt on input line 59.
LaTeX Font Info:    Font shape `MDB/mdbch/m/n' will be
(Font)              scaled to size 6.62404pt on input line 59.
LaTeX Font Info:    Try loading font information for OML+mdput on input line 59
.

(/usr/share/texmf-texlive/tex/latex/mathdesign/mdput/omlmdput.fd
File: omlmdput.fd 2006/01/29 Fontinst v1.928 font definitions for OML/mdput.
)
LaTeX Font Info:    Font shape `OML/mdput/m/it' will be
(Font)              scaled to size 10.57997pt on input line 59.
LaTeX Font Info:    Font shape `OML/mdput/m/it' will be
(Font)              scaled to size 7.35999pt on input line 59.
LaTeX Font Info:    Font shape `OML/mdput/m/it' will be
(Font)              scaled to size 6.34798pt on input line 59.
\@TUD@titlelines=\count134

<tud_logo.pdf, id=174, 157.58875pt x 63.23625pt>
File: tud_logo.pdf Graphic file (type pdf)
 <use tud_logo.pdf>
File: tud_logo.pdf Graphic file (type pdf)

<use tud_logo.pdf>
\@TUD@logolines=\count135
 [-1
Non-PDF special ignored!


Non-PDF special ignored!{/var/lib/texmf/fonts/map/pdftex/updmap/pdftex.map} </u
sr/share/texmf/tex/latex/tuddesign/logo/tud_logo.pdf>]
Underfull \hbox (badness 10000) in paragraph at lines 59--59

 []

[0

]
LaTeX Font Info:    Try loading font information for T1+5sf on input line 60.
 (/usr/share/texmf/tex/latex/tex-tudfonts/softmake/stafford/t15sf.fd
File: t15sf.fd 2009/08/06 Fontinst v1.927 font definitions for T1/5sf.
)
[1




] (./TUDthesis.toc
Class scrartcl Info: You've told me to use the font selection of the element
(scrartcl)           `sectioning' that is an alias of element `disposition'
(scrartcl)            on input line 1.
Class scrartcl Info: You've told me to use the font selection of the element
(scrartcl)           `sectioning' that is an alias of element `disposition'
(scrartcl)            on input line 2.
Class scrartcl Info: You've told me to use the font selection of the element
(scrartcl)           `sectioning' that is an alias of element `disposition'
(scrartcl)            on input line 14.
Class scrartcl Info: You've told me to use the font selection of the element
(scrartcl)           `sectioning' that is an alias of element `disposition'
(scrartcl)            on input line 22.
 [2

]
Class scrartcl Info: You've told me to use the font selection of the element
(scrartcl)           `sectioning' that is an alias of element `disposition'
(scrartcl)            on input line 32.
Class scrartcl Info: You've told me to use the font selection of the element
(scrartcl)           `sectioning' that is an alias of element `disposition'
(scrartcl)            on input line 41.
Class scrartcl Info: You've told me to use the font selection of the element
(scrartcl)           `sectioning' that is an alias of element `disposition'
(scrartcl)            on input line 42.
Class scrartcl Info: You've told me to use the font selection of the element
(scrartcl)           `sectioning' that is an alias of element `disposition'
(scrartcl)            on input line 43.
)
\tf@toc=\write4
\openout4 = `TUDthesis.toc'.

 (./content/0newcommand.tex) [3]
(./content/1Introduction.tex) [4

] (./content/2State-of-art.tex
Underfull \vbox (badness 10000) has occurred while \output is active []

 [5

]

Package hyperref Warning: Token not allowed in a PDF string (PDFDocEncoding):
(hyperref)                removing `\@ifnextchar' on input line 31.

[6]
LaTeX Font Info:    Font shape `T1/mdbch/b/n' will be
(Font)              scaled to size 11.04007pt on input line 50.
LaTeX Font Info:    Font shape `T1/mdbch/b/n' will be
(Font)              scaled to size 7.68005pt on input line 50.
LaTeX Font Info:    Font shape `T1/mdbch/b/n' will be
(Font)              scaled to size 6.62404pt on input line 50.
 [7]
LaTeX Font Info:    Font shape `T1/5fp/m/it' in size <11.6> not available
(Font)              Font shape `T1/5fp/m/sl' tried instead on input line 71.
 [8] <fig/SVD.pdf, id=306, 655.44875pt x 196.735pt>
File: fig/SVD.pdf Graphic file (type pdf)
 <use fig/SVD.pdf>

LaTeX Warning: Reference `sec:xxx' on page 9 undefined on input line 97.

[9pdfTeX warning (ext4): destination with the same identifier (name{figure.1}) 
has been already used, duplicate ignored

\@EveryShipout@Output ...@Org@Shipout \box \@cclv 
                                                  
l.106     \item[1.]
                    select the topic distribution $\theta_i$ of the target d...
 <./fig/SVD.pdf>] <fig/lda.pdf, id=329, 403.5075pt x 251.94125pt>
File: fig/lda.pdf Graphic file (type pdf)

<use fig/lda.pdf> [10pdfTeX warning (ext4): destination with the same identifie
r (name{figure.2}) has been already used, duplicate ignored

\@EveryShipout@Output ...@Org@Shipout \box \@cclv 
                                                  
l.139 \subsection{Research Question}
                                    pdfTeX warning (ext4): destination with the
 same identifier (name{table.1}) has been already used, duplicate ignored

\@EveryShipout@Output ...@Org@Shipout \box \@cclv 
                                                  
l.139 \subsection{Research Question}
                                     <./fig/lda.pdf>]

LaTeX Warning: Reference `' on page 11 undefined on input line 141.

) [11] (./content/3Task-evaluation.tex
LaTeX Font Info:    Font shape `OT1/mdbch/m/n' will be
(Font)              scaled to size 9.21606pt on input line 9.
LaTeX Font Info:    Font shape `OT1/mdbch/m/n' will be
(Font)              scaled to size 6.43204pt on input line 9.
LaTeX Font Info:    Font shape `OT1/mdbch/m/n' will be
(Font)              scaled to size 5.56804pt on input line 9.
LaTeX Font Info:    Font shape `OML/mdbch/m/it' will be
(Font)              scaled to size 9.21606pt on input line 9.
LaTeX Font Info:    Font shape `OML/mdbch/m/it' will be
(Font)              scaled to size 6.43204pt on input line 9.
LaTeX Font Info:    Font shape `OML/mdbch/m/it' will be
(Font)              scaled to size 5.56804pt on input line 9.
LaTeX Font Info:    Font shape `OMS/mdbch/m/n' will be
(Font)              scaled to size 9.21606pt on input line 9.
LaTeX Font Info:    Font shape `OMS/mdbch/m/n' will be
(Font)              scaled to size 6.43204pt on input line 9.
LaTeX Font Info:    Font shape `OMS/mdbch/m/n' will be
(Font)              scaled to size 5.56804pt on input line 9.
LaTeX Font Info:    Font shape `OMX/mdbch/m/n' will be
(Font)              scaled to size 9.21606pt on input line 9.
LaTeX Font Info:    Font shape `OMX/mdbch/m/n' will be
(Font)              scaled to size 6.43204pt on input line 9.
LaTeX Font Info:    Font shape `OMX/mdbch/m/n' will be
(Font)              scaled to size 5.56804pt on input line 9.
LaTeX Font Info:    Font shape `T1/mdbch/b/n' will be
(Font)              scaled to size 9.21606pt on input line 9.
LaTeX Font Info:    Font shape `T1/mdbch/b/n' will be
(Font)              scaled to size 6.43204pt on input line 9.
LaTeX Font Info:    Font shape `T1/mdbch/b/n' will be
(Font)              scaled to size 5.56804pt on input line 9.
LaTeX Font Info:    Font shape `OML/mdbch/m/n' will be
(Font)              scaled to size 9.21606pt on input line 9.
LaTeX Font Info:    Font shape `OML/mdbch/m/n' will be
(Font)              scaled to size 6.43204pt on input line 9.
LaTeX Font Info:    Font shape `OML/mdbch/m/n' will be
(Font)              scaled to size 5.56804pt on input line 9.
LaTeX Font Info:    Font shape `MDA/mdbch/m/n' will be
(Font)              scaled to size 9.21606pt on input line 9.
LaTeX Font Info:    Font shape `MDA/mdbch/m/n' will be
(Font)              scaled to size 6.43204pt on input line 9.
LaTeX Font Info:    Font shape `MDA/mdbch/m/n' will be
(Font)              scaled to size 5.56804pt on input line 9.
LaTeX Font Info:    Font shape `MDB/mdbch/m/n' will be
(Font)              scaled to size 9.21606pt on input line 9.
LaTeX Font Info:    Font shape `MDB/mdbch/m/n' will be
(Font)              scaled to size 6.43204pt on input line 9.
LaTeX Font Info:    Font shape `MDB/mdbch/m/n' will be
(Font)              scaled to size 5.56804pt on input line 9.
LaTeX Font Info:    Font shape `OML/mdput/m/it' will be
(Font)              scaled to size 8.83199pt on input line 9.
LaTeX Font Info:    Font shape `OML/mdput/m/it' will be
(Font)              scaled to size 6.16397pt on input line 9.
LaTeX Font Info:    Font shape `OML/mdput/m/it' will be
(Font)              scaled to size 5.33598pt on input line 9.

<fig/article.pdf, id=378, 727.71875pt x 857.2025pt>
File: fig/article.pdf Graphic file (type pdf)
 <use fig/article.pdf>
[12

]
Underfull \hbox (badness 10000) in paragraph at lines 42--138
[]$[]$ $[]$
 []


Underfull \hbox (badness 10000) in paragraph at lines 143--189
[]$[]$ $[]$
 []

<fig/relatedness.pdf, id=388, 564.1075pt x 325.215pt>
File: fig/relatedness.pdf Graphic file (type pdf)

<use fig/relatedness.pdf>

LaTeX Warning: Reference `sec:xxx' on page 13 undefined on input line 210.


LaTeX Warning: Reference `sec:yyy' on page 13 undefined on input line 210.

<fig/high-level.pdf, id=391, 439.6425pt x 261.97874pt>
File: fig/high-level.pdf Graphic file (type pdf)

<use fig/high-level.pdf> [13]
Underfull \vbox (badness 10000) has occurred while \output is active []

 [14pdfTeX warning (ext4): destination with the same identifier (name{figure.3}
) has been already used, duplicate ignored

\@EveryShipout@Output ...@Org@Shipout \box \@cclv 
                                                  
l.222 
       <./fig/article.pdf>] [15pdfTeX warning (ext4): destination with the same
 identifier (name{table.2}) has been already used, duplicate ignored

\@EveryShipout@Output ...@Org@Shipout \box \@cclv 
                                                  
l.226 
      ]
Underfull \vbox (badness 10000) has occurred while \output is active []

 [16pdfTeX warning (ext4): destination with the same identifier (name{table.3})
 has been already used, duplicate ignored

\@EveryShipout@Output ...@Org@Shipout \box \@cclv 
                                                  
l.230 \end{equation}
                    pdfTeX warning (ext4): destination with the same identifier
 (name{figure.4}) has been already used, duplicate ignored

\@EveryShipout@Output ...@Org@Shipout \box \@cclv 
                                                  
l.230 \end{equation}
                     <./fig/relatedness.pdf>])
Underfull \vbox (badness 5802) has occurred while \output is active []

 [17pdfTeX warning (ext4): destination with the same identifier (name{figure.5}
) has been already used, duplicate ignored

\@EveryShipout@Output ...@Org@Shipout \box \@cclv 
                                                  
l.70   \clearpage
                  <./fig/high-level.pdf>] [18]
(./content/4Experimental-setup.tex [19

] [20]
<fig/unsupervise.pdf, id=582, 551.05875pt x 405.515pt>
File: fig/unsupervise.pdf Graphic file (type pdf)

<use fig/unsupervise.pdf> [21pdfTeX warning (ext4): destination with the same i
dentifier (name{figure.6}) has been already used, duplicate ignored

\@EveryShipout@Output ...@Org@Shipout \box \@cclv 
                                                  
l.61 \item[\underline{ST}op]
                             After \textit{SP}, the stopwords, which are the...
 <./fig/unsupervise.pdf>]
Underfull \hbox (badness 4108) in paragraph at lines 72--72
[][][]\T1/5ch/m/n/9.2 gensim is a NLP tool, which fo-cuses on topic mod-el-ing 
and re-triev-ing se-man-ti-cally sim-i-lar doc-u-ments
 []

[22] [23pdfTeX warning (ext4): destination with the same identifier (name{table
.4}) has been already used, duplicate ignored

\@EveryShipout@Output ...@Org@Shipout \box \@cclv 
                                                  
l.112 
      ]
LaTeX Font Info:    Font shape `T1/5fp/m/it' in size <11> not available
(Font)              Font shape `T1/5fp/m/sl' tried instead on input line 134.
 [24pdfTeX warning (ext4): destination with the same identifier (name{table.5})
 has been already used, duplicate ignored

\@EveryShipout@Output ...@Org@Shipout \box \@cclv 
                                                  
l.160 \end{description}
                       pdfTeX warning (ext4): destination with the same identif
ier (name{table.6}) has been already used, duplicate ignored

\@EveryShipout@Output ...@Org@Shipout \box \@cclv 
                                                  
l.160 \end{description}
                       ]) [25] (./content/5Experimental-results.tex

LaTeX Warning: Reference `fig:freqdist' on page 26 undefined on input line 11.


LaTeX Warning: Reference `fig:vocab_size' on page 26 undefined on input line 13
.

[26

]) [27] (./content/6Combination-of-approaches.tex) [28

]
(./content/7Conclusion.tex) [29

] (./TUDthesis.bbl
LaTeX Font Info:    Try loading font information for T1+txtt on input line 80.

(/usr/share/texmf-texlive/tex/latex/txfonts/t1txtt.fd
File: t1txtt.fd 2000/12/15 v3.1
) [30

]) [31]
(./TUDthesis.aux)

LaTeX Warning: There were undefined references.

 ) 
Here is how much of TeX's memory you used:
 11615 strings out of 493848
 174380 string characters out of 1152823
 288936 words of memory out of 3000000
 14389 multiletter control sequences out of 15000+50000
 215053 words of font info for 141 fonts, out of 3000000 for 9000
 714 hyphenation exceptions out of 8191
 62i,16n,65p,1763b,475s stack positions out of 5000i,500n,10000p,200000b,50000s
{/usr/share/texmf-texlive/fonts/enc/dvips/base/8r.enc}{/usr/share/texmf-texli
ve/fonts/enc/dvips/base/texnansi.enc}</usr/share/texmf/fonts/type1/softmake/cha
rter/5chb8a.pfb></usr/share/texmf/fonts/type1/softmake/charter/5chr8a.pfb></usr
/share/texmf/fonts/type1/softmake/charter/5chri8a.pfb></usr/share/texmf/fonts/t
ype1/softmake/frontpage/5fpm8a.pfb></usr/share/texmf/fonts/type1/softmake/front
page/5fpr8a.pfb></usr/share/texmf/fonts/type1/softmake/frontpage/5fpr8a.pfb></u
sr/share/texmf/fonts/type1/softmake/stafford/5sfr8a.pfb></usr/share/texmf-texli
ve/fonts/type1/bitstrea/charter/bchb8a.pfb></usr/share/texmf-texlive/fonts/type
1/bitstrea/charter/bchr8a.pfb></usr/share/texmf-texlive/fonts/type1/bitstrea/ch
arter/bchri8a.pfb></usr/share/texmf-texlive/fonts/type1/mathdesign/mdbch/md-chr
7t.pfb></usr/share/texmf-texlive/fonts/type1/mathdesign/mdbch/md-chr7v.pfb></us
r/share/texmf-texlive/fonts/type1/mathdesign/mdbch/md-chr7y.pfb></usr/share/tex
mf-texlive/fonts/type1/mathdesign/mdbch/md-chri7m.pfb></usr/share/texmf-texlive
/fonts/type1/adobe/utopia/putri8a.pfb></usr/share/texmf-texlive/fonts/type1/pub
lic/txfonts/t1xtt.pfb>
Output written on TUDthesis.pdf (33 pages, 729793 bytes).
PDF statistics:
 759 PDF objects out of 1000 (max. 8388607)
 117 named destinations out of 1000 (max. 500000)
 392 words of extra memory for PDF output out of 10000 (max. 10000000)

